[01m[K/home/keyur/empm809y_cpp/Cpp_projects/Final-Group17/final_ws/src/group17_final/src/my_robot_node.cpp:[m[K In member function â€˜[01m[Kvoid MyRobotNode::feedback_callback(rclcpp_action::ClientGoalHandle<nav2_msgs::action::NavigateThroughPoses>::SharedPtr, std::shared_ptr<const nav2_msgs::action::NavigateThroughPoses_Feedback_<std::allocator<void> > >)[m[Kâ€™:
[01m[K/home/keyur/empm809y_cpp/Cpp_projects/Final-Group17/final_ws/src/group17_final/src/my_robot_node.cpp:196:65:[m[K [01;35m[Kwarning: [m[Kunused parameter â€˜[01m[Kfeedback[m[Kâ€™ [[01;35m[K-Wunused-parameter[m[K]
  196 |     [01;35m[Kconst std::shared_ptr<const NavigateThroughPoses::Feedback> feedback[m[K) {
      |     [01;35m[K~~~~~~~~~~~~~~~~~~~~~~~~~~~~~~~~~~~~~~~~~~~~~~~~~~~~~~~~~~~~^~~~~~~~[m[K
/usr/bin/ld: CMakeFiles/my_robot_node.dir/src/my_robot_node.cpp.o: in function `rclcpp_action::Client<nav2_msgs::action::NavigateThroughPoses>::Client(std::shared_ptr<rclcpp::node_interfaces::NodeBaseInterface>, std::shared_ptr<rclcpp::node_interfaces::NodeGraphInterface>, std::shared_ptr<rclcpp::node_interfaces::NodeLoggingInterface>, std::__cxx11::basic_string<char, std::char_traits<char>, std::allocator<char> > const&, rcl_action_client_options_t const&)':
my_robot_node.cpp:(.text._ZN13rclcpp_action6ClientIN9nav2_msgs6action20NavigateThroughPosesEEC2ESt10shared_ptrIN6rclcpp15node_interfaces17NodeBaseInterfaceEES5_INS7_18NodeGraphInterfaceEES5_INS7_20NodeLoggingInterfaceEERKNSt7__cxx1112basic_stringIcSt11char_traitsIcESaIcEEERK27rcl_action_client_options_t[_ZN13rclcpp_action6ClientIN9nav2_msgs6action20NavigateThroughPosesEEC5ESt10shared_ptrIN6rclcpp15node_interfaces17NodeBaseInterfaceEES5_INS7_18NodeGraphInterfaceEES5_INS7_20NodeLoggingInterfaceEERKNSt7__cxx1112basic_stringIcSt11char_traitsIcESaIcEEERK27rcl_action_client_options_t]+0x3b): undefined reference to `rosidl_action_type_support_t const* rosidl_typesupport_cpp::get_action_type_support_handle<nav2_msgs::action::NavigateThroughPoses>()'
collect2: error: ld returned 1 exit status
make[2]: *** [CMakeFiles/my_robot_node.dir/build.make:182: my_robot_node] Error 1
make[1]: *** [CMakeFiles/Makefile2:78: CMakeFiles/my_robot_node.dir/all] Error 2
make: *** [Makefile:141: all] Error 2
